0 verbose cli /Users/jerry/.local/share/fnm/node-versions/v24.14.0/installation/bin/node /Users/jerry/.local/share/fnm/node-versions/v24.14.0/installation/lib/node_modules/npm/bin/npm-cli.js
1 info using npm@11.9.0
2 info using node@v24.14.0
3 silly config load:file:/Users/jerry/.local/share/fnm/node-versions/v24.14.0/installation/lib/node_modules/npm/npmrc
4 silly config load:file:/Users/jerry/A/communityMap/ChengduForeignerCommunityProgram/.npmrc
5 silly config load:file:/Users/jerry/.npmrc
6 silly config load:file:/Users/jerry/.local/share/fnm/node-versions/v24.14.0/installation/etc/npmrc
7 verbose title npm exec mcporter call cloudbase.auth --help
8 verbose argv "exec" "--" "mcporter" "call" "cloudbase.auth" "--help"
9 verbose logfile logs-max:10 dir:/Users/jerry/A/communityMap/ChengduForeignerCommunityProgram/.npm-cache/_logs/2026-06-22T10_12_08_089Z-
10 verbose logfile /Users/jerry/A/communityMap/ChengduForeignerCommunityProgram/.npm-cache/_logs/2026-06-22T10_12_08_089Z-debug-0.log
11 silly logfile done cleaning log files
12 silly packumentCache heap:4496293888 maxSize:1124073472 maxEntrySize:562036736
13 http fetch GET 200 https://registry.npmmirror.com/mcporter 47ms (cache revalidated)
14 silly packumentCache heap:4496293888 maxSize:1124073472 maxEntrySize:562036736
15 silly packumentCache heap:4496293888 maxSize:1124073472 maxEntrySize:562036736
16 verbose cwd /Users/jerry/A/communityMap/ChengduForeignerCommunityProgram
17 verbose os Darwin 25.4.0
18 verbose node v24.14.0
19 verbose npm  v11.9.0
20 verbose exit 0
21 info ok
